Creating histogram data_2018 for variable Minv
Integral (data_2018): 4492
Sum: 0
Creating histogram ttg for variable Minv
Adding histogram: ttg
Integral (ttg): 0
Sum: 0
Creating histogram w for variable Minv
Adding histogram: w
Integral (w): 0
Sum: 0
Creating histogram vg for variable Minv
Adding histogram: vg
Integral (vg): 26.5508
Sum: 26.5508
Creating histogram dy for variable Minv
Adding histogram: dy
Integral (dy): 0
Sum: 26.5508
Creating histogram jj for variable Minv
Adding histogram: jj
Integral (jj): 319.231
Sum: 345.782
Creating histogram gj for variable Minv
Adding histogram: gj
Integral (gj): 870.363
Sum: 1216.15
Creating histogram gg for variable Minv
Adding histogram: gg
Integral (gg): 3121.71
Sum: 4337.86
Info in <TCanvas::Print>: pdf file plots/Minv_endcap_2018_lin.pdf has been created
Info in <TCanvas::SaveAs>: ROOT file plots/Minv_endcap_2018.root has been created
Info in <TCanvas::Print>: pdf file plots/Minv_endcap_2018_log.pdf has been created
Warning in <TROOT::Append>: Replacing existing TH1: sum (Potential memory leak).
Warning in <TROOT::Append>: Replacing existing TH1: data_2018 (Potential memory leak).
Creating histogram data_2018 for variable Photon1.pt
Integral (data_2018): 4492
Sum: 0
Warning in <TROOT::Append>: Replacing existing TH1: ttg (Potential memory leak).
Creating histogram ttg for variable Photon1.pt
Adding histogram: ttg
Integral (ttg): 0
Sum: 0
Warning in <TROOT::Append>: Replacing existing TH1: w (Potential memory leak).
Creating histogram w for variable Photon1.pt
Adding histogram: w
Integral (w): 0
Sum: 0
Warning in <TROOT::Append>: Replacing existing TH1: vg (Potential memory leak).
Creating histogram vg for variable Photon1.pt
Adding histogram: vg
Integral (vg): 26.5508
Sum: 26.5508
Warning in <TROOT::Append>: Replacing existing TH1: dy (Potential memory leak).
Creating histogram dy for variable Photon1.pt
Adding histogram: dy
Integral (dy): 0
Sum: 26.5508
Warning in <TROOT::Append>: Replacing existing TH1: jj (Potential memory leak).
Creating histogram jj for variable Photon1.pt
Adding histogram: jj
Integral (jj): 319.231
Sum: 345.782
Warning in <TROOT::Append>: Replacing existing TH1: gj (Potential memory leak).
Creating histogram gj for variable Photon1.pt
Adding histogram: gj
Integral (gj): 870.363
Sum: 1216.15
Warning in <TROOT::Append>: Replacing existing TH1: gg (Potential memory leak).
Creating histogram gg for variable Photon1.pt
Adding histogram: gg
Integral (gg): 3121.56
Sum: 4337.71
Info in <TCanvas::Print>: pdf file plots/Photon1.pt_endcap_2018_lin.pdf has been created
Info in <TCanvas::SaveAs>: ROOT file plots/Photon1.pt_endcap_2018.root has been created
Info in <TCanvas::Print>: pdf file plots/Photon1.pt_endcap_2018_log.pdf has been created
Warning in <TROOT::Append>: Replacing existing TH1: sum (Potential memory leak).
Warning in <TROOT::Append>: Replacing existing TH1: data_2018 (Potential memory leak).
Creating histogram data_2018 for variable Photon2.pt
Integral (data_2018): 4492
Sum: 0
Warning in <TROOT::Append>: Replacing existing TH1: ttg (Potential memory leak).
Creating histogram ttg for variable Photon2.pt
Adding histogram: ttg
Integral (ttg): 0
Sum: 0
Warning in <TROOT::Append>: Replacing existing TH1: w (Potential memory leak).
Creating histogram w for variable Photon2.pt
Adding histogram: w
Integral (w): 0
Sum: 0
Warning in <TROOT::Append>: Replacing existing TH1: vg (Potential memory leak).
Creating histogram vg for variable Photon2.pt
Adding histogram: vg
Integral (vg): 26.5508
Sum: 26.5508
Warning in <TROOT::Append>: Replacing existing TH1: dy (Potential memory leak).
Creating histogram dy for variable Photon2.pt
Adding histogram: dy
Integral (dy): 0
Sum: 26.5508
Warning in <TROOT::Append>: Replacing existing TH1: jj (Potential memory leak).
Creating histogram jj for variable Photon2.pt
Adding histogram: jj
Integral (jj): 319.231
Sum: 345.782
Warning in <TROOT::Append>: Replacing existing TH1: gj (Potential memory leak).
Creating histogram gj for variable Photon2.pt
Adding histogram: gj
Integral (gj): 870.363
Sum: 1216.15
Warning in <TROOT::Append>: Replacing existing TH1: gg (Potential memory leak).
Creating histogram gg for variable Photon2.pt
Adding histogram: gg
Integral (gg): 3121.71
Sum: 4337.86
Info in <TCanvas::Print>: pdf file plots/Photon2.pt_endcap_2018_lin.pdf has been created
Info in <TCanvas::SaveAs>: ROOT file plots/Photon2.pt_endcap_2018.root has been created
Info in <TCanvas::Print>: pdf file plots/Photon2.pt_endcap_2018_log.pdf has been created
Warning in <TROOT::Append>: Replacing existing TH1: sum (Potential memory leak).
Warning in <TROOT::Append>: Replacing existing TH1: data_2018 (Potential memory leak).
Creating histogram data_2018 for variable Diphoton.qt
Integral (data_2018): 4492
Sum: 0
Warning in <TROOT::Append>: Replacing existing TH1: ttg (Potential memory leak).
Creating histogram ttg for variable Diphoton.qt
Adding histogram: ttg
Integral (ttg): 0
Sum: 0
Warning in <TROOT::Append>: Replacing existing TH1: w (Potential memory leak).
Creating histogram w for variable Diphoton.qt
Adding histogram: w
Integral (w): 0
Sum: 0
Warning in <TROOT::Append>: Replacing existing TH1: vg (Potential memory leak).
Creating histogram vg for variable Diphoton.qt
Adding histogram: vg
Integral (vg): 26.5508
Sum: 26.5508
Warning in <TROOT::Append>: Replacing existing TH1: dy (Potential memory leak).
Creating histogram dy for variable Diphoton.qt
Adding histogram: dy
Integral (dy): 0
Sum: 26.5508
Warning in <TROOT::Append>: Replacing existing TH1: jj (Potential memory leak).
Creating histogram jj for variable Diphoton.qt
Adding histogram: jj
Integral (jj): 319.231
Sum: 345.782
Warning in <TROOT::Append>: Replacing existing TH1: gj (Potential memory leak).
Creating histogram gj for variable Diphoton.qt
Adding histogram: gj
Integral (gj): 870.363
Sum: 1216.15
Warning in <TROOT::Append>: Replacing existing TH1: gg (Potential memory leak).
Creating histogram gg for variable Diphoton.qt
Adding histogram: gg
Integral (gg): 3121.42
Sum: 4337.56
Info in <TCanvas::Print>: pdf file plots/Diphoton.qt_endcap_2018_lin.pdf has been created
Info in <TCanvas::SaveAs>: ROOT file plots/Diphoton.qt_endcap_2018.root has been created
Info in <TCanvas::Print>: pdf file plots/Diphoton.qt_endcap_2018_log.pdf has been created
Warning in <TROOT::Append>: Replacing existing TH1: sum (Potential memory leak).
Warning in <TROOT::Append>: Replacing existing TH1: data_2018 (Potential memory leak).
Creating histogram data_2018 for variable Diphoton.deltaPhi
Integral (data_2018): 4492
Sum: 0
Warning in <TROOT::Append>: Replacing existing TH1: ttg (Potential memory leak).
Creating histogram ttg for variable Diphoton.deltaPhi
Adding histogram: ttg
Integral (ttg): 0
Sum: 0
Warning in <TROOT::Append>: Replacing existing TH1: w (Potential memory leak).
Creating histogram w for variable Diphoton.deltaPhi
Adding histogram: w
Integral (w): 0
Sum: 0
Warning in <TROOT::Append>: Replacing existing TH1: vg (Potential memory leak).
Creating histogram vg for variable Diphoton.deltaPhi
Adding histogram: vg
Integral (vg): 26.5508
Sum: 26.5508
Warning in <TROOT::Append>: Replacing existing TH1: dy (Potential memory leak).
Creating histogram dy for variable Diphoton.deltaPhi
Adding histogram: dy
Integral (dy): 0
Sum: 26.5508
Warning in <TROOT::Append>: Replacing existing TH1: jj (Potential memory leak).
Creating histogram jj for variable Diphoton.deltaPhi
Adding histogram: jj
Integral (jj): 319.231
Sum: 345.782
Warning in <TROOT::Append>: Replacing existing TH1: gj (Potential memory leak).
Creating histogram gj for variable Diphoton.deltaPhi
Adding histogram: gj
Integral (gj): 870.363
Sum: 1216.15
Warning in <TROOT::Append>: Replacing existing TH1: gg (Potential memory leak).
Creating histogram gg for variable Diphoton.deltaPhi
Adding histogram: gg
Integral (gg): 3121.71
Sum: 4337.86
Info in <TCanvas::Print>: pdf file plots/Diphoton.deltaPhi_endcap_2018_lin.pdf has been created
Info in <TCanvas::SaveAs>: ROOT file plots/Diphoton.deltaPhi_endcap_2018.root has been created
Info in <TCanvas::Print>: pdf file plots/Diphoton.deltaPhi_endcap_2018_log.pdf has been created
Warning in <TROOT::Append>: Replacing existing TH1: sum (Potential memory leak).
Warning in <TROOT::Append>: Replacing existing TH1: data_2018 (Potential memory leak).
Creating histogram data_2018 for variable Diphoton.deltaEta
Integral (data_2018): 4492
Sum: 0
Warning in <TROOT::Append>: Replacing existing TH1: ttg (Potential memory leak).
Creating histogram ttg for variable Diphoton.deltaEta
Adding histogram: ttg
Integral (ttg): 0
Sum: 0
Warning in <TROOT::Append>: Replacing existing TH1: w (Potential memory leak).
Creating histogram w for variable Diphoton.deltaEta
Adding histogram: w
Integral (w): 0
Sum: 0
Warning in <TROOT::Append>: Replacing existing TH1: vg (Potential memory leak).
Creating histogram vg for variable Diphoton.deltaEta
Adding histogram: vg
Integral (vg): 26.5508
Sum: 26.5508
Warning in <TROOT::Append>: Replacing existing TH1: dy (Potential memory leak).
Creating histogram dy for variable Diphoton.deltaEta
Adding histogram: dy
Integral (dy): 0
Sum: 26.5508
Warning in <TROOT::Append>: Replacing existing TH1: jj (Potential memory leak).
Creating histogram jj for variable Diphoton.deltaEta
Adding histogram: jj
Integral (jj): 319.231
Sum: 345.782
Warning in <TROOT::Append>: Replacing existing TH1: gj (Potential memory leak).
Creating histogram gj for variable Diphoton.deltaEta
Adding histogram: gj
Integral (gj): 870.363
Sum: 1216.15
Warning in <TROOT::Append>: Replacing existing TH1: gg (Potential memory leak).
Creating histogram gg for variable Diphoton.deltaEta
Adding histogram: gg
Integral (gg): 3121.71
Sum: 4337.86
Info in <TCanvas::Print>: pdf file plots/Diphoton.deltaEta_endcap_2018_lin.pdf has been created
Info in <TCanvas::SaveAs>: ROOT file plots/Diphoton.deltaEta_endcap_2018.root has been created
Info in <TCanvas::Print>: pdf file plots/Diphoton.deltaEta_endcap_2018_log.pdf has been created
Warning in <TROOT::Append>: Replacing existing TH1: sum (Potential memory leak).
Warning in <TROOT::Append>: Replacing existing TH1: data_2018 (Potential memory leak).
Creating histogram data_2018 for variable abs(Diphoton.cosThetaStar)
Integral (data_2018): 4492
Sum: 0
Warning in <TROOT::Append>: Replacing existing TH1: ttg (Potential memory leak).
Creating histogram ttg for variable abs(Diphoton.cosThetaStar)
Adding histogram: ttg
Integral (ttg): 0
Sum: 0
Warning in <TROOT::Append>: Replacing existing TH1: w (Potential memory leak).
Creating histogram w for variable abs(Diphoton.cosThetaStar)
Adding histogram: w
Integral (w): 0
Sum: 0
Warning in <TROOT::Append>: Replacing existing TH1: vg (Potential memory leak).
Creating histogram vg for variable abs(Diphoton.cosThetaStar)
Adding histogram: vg
Integral (vg): 26.5508
Sum: 26.5508
Warning in <TROOT::Append>: Replacing existing TH1: dy (Potential memory leak).
Creating histogram dy for variable abs(Diphoton.cosThetaStar)
Adding histogram: dy
Integral (dy): 0
Sum: 26.5508
Warning in <TROOT::Append>: Replacing existing TH1: jj (Potential memory leak).
Creating histogram jj for variable abs(Diphoton.cosThetaStar)
Adding histogram: jj
Integral (jj): 319.231
Sum: 345.782
Warning in <TROOT::Append>: Replacing existing TH1: gj (Potential memory leak).
Creating histogram gj for variable abs(Diphoton.cosThetaStar)
Adding histogram: gj
Integral (gj): 870.363
Sum: 1216.15
Warning in <TROOT::Append>: Replacing existing TH1: gg (Potential memory leak).
Creating histogram gg for variable abs(Diphoton.cosThetaStar)
Adding histogram: gg
Integral (gg): 3121.71
Sum: 4337.86
Info in <TCanvas::Print>: pdf file plots/abs(Diphoton.cosThetaStar)_endcap_2018_lin.pdf has been created
Info in <TCanvas::SaveAs>: ROOT file plots/abs(Diphoton.cosThetaStar)_endcap_2018.root has been created
Info in <TCanvas::Print>: pdf file plots/abs(Diphoton.cosThetaStar)_endcap_2018_log.pdf has been created
Warning in <TROOT::Append>: Replacing existing TH1: sum (Potential memory leak).
Warning in <TROOT::Append>: Replacing existing TH1: data_2018 (Potential memory leak).
Creating histogram data_2018 for variable nPV
Integral (data_2018): 4489
Sum: 0
Warning in <TROOT::Append>: Replacing existing TH1: ttg (Potential memory leak).
Creating histogram ttg for variable nPV
Adding histogram: ttg
Integral (ttg): 0
Sum: 0
Warning in <TROOT::Append>: Replacing existing TH1: w (Potential memory leak).
Creating histogram w for variable nPV
Adding histogram: w
Integral (w): 0
Sum: 0
Warning in <TROOT::Append>: Replacing existing TH1: vg (Potential memory leak).
Creating histogram vg for variable nPV
Adding histogram: vg
Integral (vg): 26.5508
Sum: 26.5508
Warning in <TROOT::Append>: Replacing existing TH1: dy (Potential memory leak).
Creating histogram dy for variable nPV
Adding histogram: dy
Integral (dy): 0
Sum: 26.5508
Warning in <TROOT::Append>: Replacing existing TH1: jj (Potential memory leak).
Creating histogram jj for variable nPV
Adding histogram: jj
Integral (jj): 319.231
Sum: 345.782
Warning in <TROOT::Append>: Replacing existing TH1: gj (Potential memory leak).
Creating histogram gj for variable nPV
Adding histogram: gj
Integral (gj): 865.335
Sum: 1211.12
Warning in <TROOT::Append>: Replacing existing TH1: gg (Potential memory leak).
Creating histogram gg for variable nPV
Adding histogram: gg
Integral (gg): 3115.49
Sum: 4326.6
Info in <TCanvas::Print>: pdf file plots/nPV_endcap_2018_lin.pdf has been created
Info in <TCanvas::SaveAs>: ROOT file plots/nPV_endcap_2018.root has been created
Info in <TCanvas::Print>: pdf file plots/nPV_endcap_2018_log.pdf has been created
Warning in <TROOT::Append>: Replacing existing TH1: sum (Potential memory leak).
Warning in <TROOT::Append>: Replacing existing TH1: data_2018 (Potential memory leak).
Creating histogram data_2018 for variable Diphoton.deltaR
Integral (data_2018): 4492
Sum: 0
Warning in <TROOT::Append>: Replacing existing TH1: ttg (Potential memory leak).
Creating histogram ttg for variable Diphoton.deltaR
Adding histogram: ttg
Integral (ttg): 0
Sum: 0
Warning in <TROOT::Append>: Replacing existing TH1: w (Potential memory leak).
Creating histogram w for variable Diphoton.deltaR
Adding histogram: w
Integral (w): 0
Sum: 0
Warning in <TROOT::Append>: Replacing existing TH1: vg (Potential memory leak).
Creating histogram vg for variable Diphoton.deltaR
Adding histogram: vg
Integral (vg): 26.5508
Sum: 26.5508
Warning in <TROOT::Append>: Replacing existing TH1: dy (Potential memory leak).
Creating histogram dy for variable Diphoton.deltaR
Adding histogram: dy
Integral (dy): 0
Sum: 26.5508
Warning in <TROOT::Append>: Replacing existing TH1: jj (Potential memory leak).
Creating histogram jj for variable Diphoton.deltaR
Adding histogram: jj
Integral (jj): 319.231
Sum: 345.782
Warning in <TROOT::Append>: Replacing existing TH1: gj (Potential memory leak).
Creating histogram gj for variable Diphoton.deltaR
Adding histogram: gj
Integral (gj): 870.363
Sum: 1216.15
Warning in <TROOT::Append>: Replacing existing TH1: gg (Potential memory leak).
Creating histogram gg for variable Diphoton.deltaR
Adding histogram: gg
Integral (gg): 3121.71
Sum: 4337.86
Info in <TCanvas::Print>: pdf file plots/Diphoton.deltaR_endcap_2018_lin.pdf has been created
Info in <TCanvas::SaveAs>: ROOT file plots/Diphoton.deltaR_endcap_2018.root has been created
Info in <TCanvas::Print>: pdf file plots/Diphoton.deltaR_endcap_2018_log.pdf has been created
Warning in <TROOT::Append>: Replacing existing TH1: sum (Potential memory leak).
Warning in <TROOT::Append>: Replacing existing TH1: data_2018 (Potential memory leak).
Creating histogram data_2018 for variable Photon1.eta
Integral (data_2018): 4492
Sum: 0
Warning in <TROOT::Append>: Replacing existing TH1: ttg (Potential memory leak).
Creating histogram ttg for variable Photon1.eta
Adding histogram: ttg
Integral (ttg): 0
Sum: 0
Warning in <TROOT::Append>: Replacing existing TH1: w (Potential memory leak).
Creating histogram w for variable Photon1.eta
Adding histogram: w
Integral (w): 0
Sum: 0
Warning in <TROOT::Append>: Replacing existing TH1: vg (Potential memory leak).
Creating histogram vg for variable Photon1.eta
Adding histogram: vg
Integral (vg): 26.5508
Sum: 26.5508
Warning in <TROOT::Append>: Replacing existing TH1: dy (Potential memory leak).
Creating histogram dy for variable Photon1.eta
Adding histogram: dy
Integral (dy): 0
Sum: 26.5508
Warning in <TROOT::Append>: Replacing existing TH1: jj (Potential memory leak).
Creating histogram jj for variable Photon1.eta
Adding histogram: jj
Integral (jj): 319.231
Sum: 345.782
Warning in <TROOT::Append>: Replacing existing TH1: gj (Potential memory leak).
Creating histogram gj for variable Photon1.eta
Adding histogram: gj
Integral (gj): 870.363
Sum: 1216.15
Warning in <TROOT::Append>: Replacing existing TH1: gg (Potential memory leak).
Creating histogram gg for variable Photon1.eta
Adding histogram: gg
Integral (gg): 3121.71
Sum: 4337.86
Info in <TCanvas::Print>: pdf file plots/Photon1.eta_endcap_2018_lin.pdf has been created
Info in <TCanvas::SaveAs>: ROOT file plots/Photon1.eta_endcap_2018.root has been created
Info in <TCanvas::Print>: pdf file plots/Photon1.eta_endcap_2018_log.pdf has been created
Warning in <TROOT::Append>: Replacing existing TH1: sum (Potential memory leak).
Warning in <TROOT::Append>: Replacing existing TH1: data_2018 (Potential memory leak).
Creating histogram data_2018 for variable Photon2.eta
Integral (data_2018): 4492
Sum: 0
Warning in <TROOT::Append>: Replacing existing TH1: ttg (Potential memory leak).
Creating histogram ttg for variable Photon2.eta
Adding histogram: ttg
Integral (ttg): 0
Sum: 0
Warning in <TROOT::Append>: Replacing existing TH1: w (Potential memory leak).
Creating histogram w for variable Photon2.eta
Adding histogram: w
Integral (w): 0
Sum: 0
Warning in <TROOT::Append>: Replacing existing TH1: vg (Potential memory leak).
Creating histogram vg for variable Photon2.eta
Adding histogram: vg
Integral (vg): 26.5508
Sum: 26.5508
Warning in <TROOT::Append>: Replacing existing TH1: dy (Potential memory leak).
Creating histogram dy for variable Photon2.eta
Adding histogram: dy
Integral (dy): 0
Sum: 26.5508
Warning in <TROOT::Append>: Replacing existing TH1: jj (Potential memory leak).
Creating histogram jj for variable Photon2.eta
Adding histogram: jj
Integral (jj): 319.231
Sum: 345.782
Warning in <TROOT::Append>: Replacing existing TH1: gj (Potential memory leak).
Creating histogram gj for variable Photon2.eta
Adding histogram: gj
Integral (gj): 870.363
Sum: 1216.15
Warning in <TROOT::Append>: Replacing existing TH1: gg (Potential memory leak).
Creating histogram gg for variable Photon2.eta
Adding histogram: gg
Integral (gg): 3121.71
Sum: 4337.86
Info in <TCanvas::Print>: pdf file plots/Photon2.eta_endcap_2018_lin.pdf has been created
Info in <TCanvas::SaveAs>: ROOT file plots/Photon2.eta_endcap_2018.root has been created
Info in <TCanvas::Print>: pdf file plots/Photon2.eta_endcap_2018_log.pdf has been created
Warning in <TROOT::Append>: Replacing existing TH1: sum (Potential memory leak).
Warning in <TROOT::Append>: Replacing existing TH1: data_2018 (Potential memory leak).
Creating histogram data_2018 for variable Photon1.phi
Integral (data_2018): 4492
Sum: 0
Warning in <TROOT::Append>: Replacing existing TH1: ttg (Potential memory leak).
Creating histogram ttg for variable Photon1.phi
Adding histogram: ttg
Integral (ttg): 0
Sum: 0
Warning in <TROOT::Append>: Replacing existing TH1: w (Potential memory leak).
Creating histogram w for variable Photon1.phi
Adding histogram: w
Integral (w): 0
Sum: 0
Warning in <TROOT::Append>: Replacing existing TH1: vg (Potential memory leak).
Creating histogram vg for variable Photon1.phi
Adding histogram: vg
Integral (vg): 26.5508
Sum: 26.5508
Warning in <TROOT::Append>: Replacing existing TH1: dy (Potential memory leak).
Creating histogram dy for variable Photon1.phi
Adding histogram: dy
Integral (dy): 0
Sum: 26.5508
Warning in <TROOT::Append>: Replacing existing TH1: jj (Potential memory leak).
Creating histogram jj for variable Photon1.phi
Adding histogram: jj
Integral (jj): 319.231
Sum: 345.782
Warning in <TROOT::Append>: Replacing existing TH1: gj (Potential memory leak).
Creating histogram gj for variable Photon1.phi
Adding histogram: gj
Integral (gj): 870.363
Sum: 1216.15
Warning in <TROOT::Append>: Replacing existing TH1: gg (Potential memory leak).
Creating histogram gg for variable Photon1.phi
Adding histogram: gg
Integral (gg): 3121.71
Sum: 4337.86
Info in <TCanvas::Print>: pdf file plots/Photon1.phi_endcap_2018_lin.pdf has been created
Info in <TCanvas::SaveAs>: ROOT file plots/Photon1.phi_endcap_2018.root has been created
Info in <TCanvas::Print>: pdf file plots/Photon1.phi_endcap_2018_log.pdf has been created
Warning in <TROOT::Append>: Replacing existing TH1: sum (Potential memory leak).
Warning in <TROOT::Append>: Replacing existing TH1: data_2018 (Potential memory leak).
Creating histogram data_2018 for variable Photon2.phi
Integral (data_2018): 4492
Sum: 0
Warning in <TROOT::Append>: Replacing existing TH1: ttg (Potential memory leak).
Creating histogram ttg for variable Photon2.phi
Adding histogram: ttg
Integral (ttg): 0
Sum: 0
Warning in <TROOT::Append>: Replacing existing TH1: w (Potential memory leak).
Creating histogram w for variable Photon2.phi
Adding histogram: w
Integral (w): 0
Sum: 0
Warning in <TROOT::Append>: Replacing existing TH1: vg (Potential memory leak).
Creating histogram vg for variable Photon2.phi
Adding histogram: vg
Integral (vg): 26.5508
Sum: 26.5508
Warning in <TROOT::Append>: Replacing existing TH1: dy (Potential memory leak).
Creating histogram dy for variable Photon2.phi
Adding histogram: dy
Integral (dy): 0
Sum: 26.5508
Warning in <TROOT::Append>: Replacing existing TH1: jj (Potential memory leak).
Creating histogram jj for variable Photon2.phi
Adding histogram: jj
Integral (jj): 319.231
Sum: 345.782
Warning in <TROOT::Append>: Replacing existing TH1: gj (Potential memory leak).
Creating histogram gj for variable Photon2.phi
Adding histogram: gj
Integral (gj): 870.363
Sum: 1216.15
Warning in <TROOT::Append>: Replacing existing TH1: gg (Potential memory leak).
Creating histogram gg for variable Photon2.phi
Adding histogram: gg
Integral (gg): 3121.71
Sum: 4337.86
Info in <TCanvas::Print>: pdf file plots/Photon2.phi_endcap_2018_lin.pdf has been created
Info in <TCanvas::SaveAs>: ROOT file plots/Photon2.phi_endcap_2018.root has been created
Info in <TCanvas::Print>: pdf file plots/Photon2.phi_endcap_2018_log.pdf has been created
Warning in <TROOT::Append>: Replacing existing TH1: sum (Potential memory leak).
Warning in <TROOT::Append>: Replacing existing TH1: data_2018 (Potential memory leak).
Creating histogram data_2018 for variable abs(Diphoton.deltaPhi)
Integral (data_2018): 4492
Sum: 0
Warning in <TROOT::Append>: Replacing existing TH1: ttg (Potential memory leak).
Creating histogram ttg for variable abs(Diphoton.deltaPhi)
Adding histogram: ttg
Integral (ttg): 0
Sum: 0
Warning in <TROOT::Append>: Replacing existing TH1: w (Potential memory leak).
Creating histogram w for variable abs(Diphoton.deltaPhi)
Adding histogram: w
Integral (w): 0
Sum: 0
Warning in <TROOT::Append>: Replacing existing TH1: vg (Potential memory leak).
Creating histogram vg for variable abs(Diphoton.deltaPhi)
Adding histogram: vg
Integral (vg): 26.5508
Sum: 26.5508
Warning in <TROOT::Append>: Replacing existing TH1: dy (Potential memory leak).
Creating histogram dy for variable abs(Diphoton.deltaPhi)
Adding histogram: dy
Integral (dy): 0
Sum: 26.5508
Warning in <TROOT::Append>: Replacing existing TH1: jj (Potential memory leak).
Creating histogram jj for variable abs(Diphoton.deltaPhi)
Adding histogram: jj
Integral (jj): 319.231
Sum: 345.782
Warning in <TROOT::Append>: Replacing existing TH1: gj (Potential memory leak).
Creating histogram gj for variable abs(Diphoton.deltaPhi)
Adding histogram: gj
Integral (gj): 870.363
Sum: 1216.15
Warning in <TROOT::Append>: Replacing existing TH1: gg (Potential memory leak).
Creating histogram gg for variable abs(Diphoton.deltaPhi)
Adding histogram: gg
Integral (gg): 3121.71
Sum: 4337.86
Info in <TCanvas::Print>: pdf file plots/abs(Diphoton.deltaPhi)_endcap_2018_lin.pdf has been created
Info in <TCanvas::SaveAs>: ROOT file plots/abs(Diphoton.deltaPhi)_endcap_2018.root has been created
Info in <TCanvas::Print>: pdf file plots/abs(Diphoton.deltaPhi)_endcap_2018_log.pdf has been created
